umeng/build/outputs/logs/manifest-merger-debug-report.txt
-- Merging decision tree log ---
manifest
ADDED from src\main\AndroidManifest.xml:1:1-236:12
	package
		ADDED from src\main\AndroidManifest.xml:3:5-34
		INJECTED from src\main\AndroidManifest.xml
		INJECTED from src\main\AndroidManifest.xml
	android:versionName
		ADDED from src\main\AndroidManifest.xml:6:5-32
		INJECTED from src\main\AndroidManifest.xml
		INJECTED from src\main\AndroidManifest.xml
	xmlns:tools
		ADDED from src\main\AndroidManifest.xml:2:5-51
	android:versionCode
		ADDED from src\main\AndroidManifest.xml:5:5-28
		INJECTED from src\main\AndroidManifest.xml
		INJECTED from src\main\AndroidManifest.xml
	xmlns:android
		ADDED from src\main\AndroidManifest.xml:1:11-69
application
ADDED from src\main\AndroidManifest.xml:9:5-210:19
	android:label
		ADDED from src\main\AndroidManifest.xml:9:45-77
	android:allowBackup
		ADDED from src\main\AndroidManifest.xml:9:18-44
	android:icon
		ADDED from src\main\AndroidManifest.xml:10:9-56
	android:name
		ADDED from src\main\AndroidManifest.xml:11:9-28
activity#com.umeng.soexample.MainActivity
ADDED from src\main\AndroidManifest.xml:13:9-24:20
	android:screenOrientation
		ADDED from src\main\AndroidManifest.xml:17:13-49
	android:label
		ADDED from src\main\AndroidManifest.xml:16:13-45
	android:configChanges
		ADDED from src\main\AndroidManifest.xml:15:13-57
	android:theme
		ADDED from src\main\AndroidManifest.xml:18:13-77
	android:name
		ADDED from src\main\AndroidManifest.xml:14:13-41
intent-filter#android.intent.action.MAIN+android.intent.category.LAUNCHER
ADDED from src\main\AndroidManifest.xml:19:13-23:29
action#android.intent.action.MAIN
ADDED from src\main\AndroidManifest.xml:20:17-69
	android:name
		ADDED from src\main\AndroidManifest.xml:20:25-66
category#android.intent.category.LAUNCHER
ADDED from src\main\AndroidManifest.xml:22:17-77
	android:name
		ADDED from src\main\AndroidManifest.xml:22:27-74
activity#com.umeng.soexample.share_auth.ShareMenuActivity
ADDED from src\main\AndroidManifest.xml:25:9-34:20
	android:screenOrientation
		ADDED from src\main\AndroidManifest.xml:29:13-49
	android:label
		ADDED from src\main\AndroidManifest.xml:28:13-45
	android:configChanges
		ADDED from src\main\AndroidManifest.xml:27:13-57
	android:theme
		ADDED from src\main\AndroidManifest.xml:30:13-77
	android:name
		ADDED from src\main\AndroidManifest.xml:26:13-57
intent-filter#android.intent.action.MAIN
ADDED from src\main\AndroidManifest.xml:31:13-33:29
activity#com.umeng.soexample.share_auth.AuthActivity
ADDED from src\main\AndroidManifest.xml:35:9-44:20
	android:screenOrientation
		ADDED from src\main\AndroidManifest.xml:39:13-49
	android:label
		ADDED from src\main\AndroidManifest.xml:38:13-45
	android:configChanges
		ADDED from src\main\AndroidManifest.xml:37:13-57
	android:theme
		ADDED from src\main\AndroidManifest.xml:40:13-77
	android:name
		ADDED from src\main\AndroidManifest.xml:36:13-52
activity#com.umeng.soexample.share_auth.CheckActivity
ADDED from src\main\AndroidManifest.xml:45:9-54:20
	android:screenOrientation
		ADDED from src\main\AndroidManifest.xml:49:13-49
	android:label
		ADDED from src\main\AndroidManifest.xml:48:13-45
	android:configChanges
		ADDED from src\main\AndroidManifest.xml:47:13-57
	android:theme
		ADDED from src\main\AndroidManifest.xml:50:13-77
	android:name
		ADDED from src\main\AndroidManifest.xml:46:13-53
activity#com.umeng.soexample.share_auth.UserinfoActivity
ADDED from src\main\AndroidManifest.xml:55:9-64:20
	android:screenOrientation
		ADDED from src\main\AndroidManifest.xml:59:13-49
	android:label
		ADDED from src\main\AndroidManifest.xml:58:13-45
	android:configChanges
		ADDED from src\main\AndroidManifest.xml:57:13-57
	android:theme
		ADDED from src\main\AndroidManifest.xml:60:13-77
	android:name
		ADDED from src\main\AndroidManifest.xml:56:13-56
activity#com.umeng.soexample.share_auth.ShareActivity
ADDED from src\main\AndroidManifest.xml:65:9-75:20
	android:fitsSystemWindows
		ADDED from src\main\AndroidManifest.xml:70:13-45
	android:screenOrientation
		ADDED from src\main\AndroidManifest.xml:69:13-49
	android:label
		ADDED from src\main\AndroidManifest.xml:68:13-45
	android:configChanges
		ADDED from src\main\AndroidManifest.xml:67:13-57
	android:theme
		ADDED from src\main\AndroidManifest.xml:71:13-66
	android:name
		ADDED from src\main\AndroidManifest.xml:66:13-53
activity#com.umeng.soexample.WBShareActivity
ADDED from src\main\AndroidManifest.xml:79:9-87:20
	android:screenOrientation
		ADDED from src\main\AndroidManifest.xml:82:13-49
	android:configChanges
		ADDED from src\main\AndroidManifest.xml:81:13-63
	android:name
		ADDED from src\main\AndroidManifest.xml:80:13-44
intent-filter#android.intent.category.DEFAULT+com.sina.weibo.sdk.action.ACTION_SDK_REQ_ACTIVITY
ADDED from src\main\AndroidManifest.xml:83:13-86:29
action#com.sina.weibo.sdk.action.ACTION_SDK_REQ_ACTIVITY
ADDED from src\main\AndroidManifest.xml:84:17-92
	android:name
		ADDED from src\main\AndroidManifest.xml:84:25-89
category#android.intent.category.DEFAULT
ADDED from src\main\AndroidManifest.xml:85:17-76
	android:name
		ADDED from src\main\AndroidManifest.xml:85:27-73
activity#com.sina.weibo.sdk.component.WeiboSdkBrowser
ADDED from src\main\AndroidManifest.xml:88:9-93:20
	android:exported
		ADDED from src\main\AndroidManifest.xml:92:13-37
	android:windowSoftInputMode
		ADDED from src\main\AndroidManifest.xml:91:13-55
	android:configChanges
		ADDED from src\main\AndroidManifest.xml:90:13-63
	android:name
		ADDED from src\main\AndroidManifest.xml:89:13-72
activity#com.umeng.soexample.yxapi.YXEntryActivity
ADDED from src\main\AndroidManifest.xml:95:9-100:75
	android:screenOrientation
		ADDED from src\main\AndroidManifest.xml:99:13-49
	android:exported
		ADDED from src\main\AndroidManifest.xml:98:13-36
	android:configChanges
		ADDED from src\main\AndroidManifest.xml:97:13-74
	android:theme
		ADDED from src\main\AndroidManifest.xml:100:13-72
	android:name
		ADDED from src\main\AndroidManifest.xml:96:13-50
activity#com.umeng.socialize.editorpage.ShareActivity
ADDED from src\main\AndroidManifest.xml:103:9-107:15
	android:excludeFromRecents
		ADDED from src\main\AndroidManifest.xml:106:13-46
	android:theme
		ADDED from src\main\AndroidManifest.xml:105:13-51
	android:name
		ADDED from src\main\AndroidManifest.xml:104:13-72
activity#com.umeng.soexample.wxapi.WXEntryActivity
ADDED from src\main\AndroidManifest.xml:109:9-114:75
	android:screenOrientation
		ADDED from src\main\AndroidManifest.xml:113:13-49
	android:exported
		ADDED from src\main\AndroidManifest.xml:112:13-36
	android:configChanges
		ADDED from src\main\AndroidManifest.xml:111:13-74
	android:theme
		ADDED from src\main\AndroidManifest.xml:114:13-72
	android:name
		ADDED from src\main\AndroidManifest.xml:110:13-50
activity#com.umeng.soexample.apshare.ShareEntryActivity
ADDED from src\main\AndroidManifest.xml:116:9-121:75
	android:screenOrientation
		ADDED from src\main\AndroidManifest.xml:120:13-49
	android:exported
		ADDED from src\main\AndroidManifest.xml:119:13-36
	android:configChanges
		ADDED from src\main\AndroidManifest.xml:118:13-74
	android:theme
		ADDED from src\main\AndroidManifest.xml:121:13-72
	android:name
		ADDED from src\main\AndroidManifest.xml:117:13-55
activity#com.renn.rennsdk.oauth.OAuthActivity
ADDED from src\main\AndroidManifest.xml:124:9-126:77
	android:configChanges
		ADDED from src\main\AndroidManifest.xml:126:13-74
	android:name
		ADDED from src\main\AndroidManifest.xml:125:13-64
activity#jp.line.android.sdk.activity.LineAuthCompleteActivity
ADDED from src\main\AndroidManifest.xml:129:9-139:20
	android:screenOrientation
		ADDED from src\main\AndroidManifest.xml:132:13-47
	android:exported
		ADDED from src\main\AndroidManifest.xml:131:13-36
	android:configChanges
		ADDED from src\main\AndroidManifest.xml:130:13-57
	android:name
		ADDED from src\main\AndroidManifest.xml:129:19-87
intent-filter#android.intent.action.VIEW+android.intent.category.BROWSABLE+android.intent.category.DEFAULT
ADDED from src\main\AndroidManifest.xml:133:13-138:29
action#android.intent.action.VIEW
ADDED from src\main\AndroidManifest.xml:134:17-69
	android:name
		ADDED from src\main\AndroidManifest.xml:134:25-66
category#android.intent.category.BROWSABLE
ADDED from src\main\AndroidManifest.xml:136:17-78
	android:name
		ADDED from src\main\AndroidManifest.xml:136:27-75
data
ADDED from src\main\AndroidManifest.xml:137:17-58
	android:scheme
		ADDED from src\main\AndroidManifest.xml:137:23-55
activity#jp.line.android.sdk.activity.WebLoginActivity
ADDED from src\main\AndroidManifest.xml:141:9-145:20
	android:screenOrientation
		ADDED from src\main\AndroidManifest.xml:144:13-47
	android:exported
		ADDED from src\main\AndroidManifest.xml:142:13-37
	android:configChanges
		ADDED from src\main\AndroidManifest.xml:143:13-57
	android:name
		ADDED from src\main\AndroidManifest.xml:141:19-79
activity#com.tencent.tauth.AuthActivity
ADDED from src\main\AndroidManifest.xml:147:9-159:20
	android:launchMode
		ADDED from src\main\AndroidManifest.xml:149:13-44
	android:noHistory
		ADDED from src\main\AndroidManifest.xml:150:13-37
	android:name
		ADDED from src\main\AndroidManifest.xml:148:13-58
activity#com.tencent.connect.common.AssistActivity
ADDED from src\main\AndroidManifest.xml:160:9-164:76
	android:screenOrientation
		ADDED from src\main\AndroidManifest.xml:162:13-49
	android:configChanges
		ADDED from src\main\AndroidManifest.xml:164:13-74
	android:theme
		ADDED from src\main\AndroidManifest.xml:163:13-72
	android:name
		ADDED from src\main\AndroidManifest.xml:161:13-69
uses-library#com.google.android.maps
ADDED from src\main\AndroidManifest.xml:165:9-167:40
	android:required
		ADDED from src\main\AndroidManifest.xml:167:13-37
	android:name
		ADDED from src\main\AndroidManifest.xml:166:13-51
uses-library#android.test.runner
ADDED from src\main\AndroidManifest.xml:168:9-60
	android:name
		ADDED from src\main\AndroidManifest.xml:168:23-57
activity#com.facebook.FacebookActivity
ADDED from src\main\AndroidManifest.xml:170:9-174:75
	android:label
		ADDED from src\main\AndroidManifest.xml:173:13-45
	android:configChanges
		ADDED from src\main\AndroidManifest.xml:172:13-96
	android:theme
		ADDED from src\main\AndroidManifest.xml:174:13-72
	android:name
		ADDED from src\main\AndroidManifest.xml:171:13-57
provider#com.facebook.FacebookContentProvider
ADDED from src\main\AndroidManifest.xml:176:9-179:39
	android:authorities
		ADDED from src\main\AndroidManifest.xml:178:13-90
	android:exported
		ADDED from src\main\AndroidManifest.xml:179:13-36
	android:name
		ADDED from src\main\AndroidManifest.xml:177:13-64
meta-data#com.facebook.sdk.ApplicationId
ADDED from src\main\AndroidManifest.xml:181:9-183:55
	android:value
		ADDED from src\main\AndroidManifest.xml:183:13-52
	android:name
		ADDED from src\main\AndroidManifest.xml:182:13-58
meta-data#jp.line.sdk.ChannelId
ADDED from src\main\AndroidManifest.xml:185:9-187:42
	android:value
		ADDED from src\main\AndroidManifest.xml:187:13-39
	android:name
		ADDED from src\main\AndroidManifest.xml:186:13-49
meta-data#jp.line.sdk.AuthScheme
ADDED from src\main\AndroidManifest.xml:188:9-190:47
	android:value
		ADDED from src\main\AndroidManifest.xml:190:13-44
	android:name
		ADDED from src\main\AndroidManifest.xml:189:13-50
activity#com.umeng.socialize.handler.TwitterWebActivity
ADDED from src\main\AndroidManifest.xml:192:9-197:48
	android:label
		ADDED from src\main\AndroidManifest.xml:197:13-45
	android:configChanges
		ADDED from src\main\AndroidManifest.xml:194:13-113
	android:theme
		ADDED from src\main\AndroidManifest.xml:196:13-72
	android:name
		ADDED from src\main\AndroidManifest.xml:193:13-74
meta-data#UMENG_APPKEY
ADDED from src\main\AndroidManifest.xml:200:9-203:21
	android:value
		ADDED from src\main\AndroidManifest.xml:202:13-53
	android:name
		ADDED from src\main\AndroidManifest.xml:201:13-40
meta-data#UMENG_CHANNEL
ADDED from src\main\AndroidManifest.xml:204:9-207:21
	android:value
		ADDED from src\main\AndroidManifest.xml:206:13-34
	android:name
		ADDED from src\main\AndroidManifest.xml:205:13-41
service#com.sina.weibo.sdk.net.DownloadService
ADDED from src\main\AndroidManifest.xml:208:9-209:48
	android:exported
		ADDED from src\main\AndroidManifest.xml:209:13-37
	android:name
		ADDED from src\main\AndroidManifest.xml:208:18-71
uses-sdk
ADDED from src\main\AndroidManifest.xml:211:5-215:11
	tools:overrideLibrary
		ADDED from src\main\AndroidManifest.xml:214:9-91
	android:targetSdkVersion
		ADDED from src\main\AndroidManifest.xml:213:9-38
		INJECTED from src\main\AndroidManifest.xml
		INJECTED from src\main\AndroidManifest.xml
	android:minSdkVersion
		ADDED from src\main\AndroidManifest.xml:212:9-34
		INJECTED from src\main\AndroidManifest.xml
		INJECTED from src\main\AndroidManifest.xml
uses-permission#android.permission.ACCESS_NETWORK_STATE
ADDED from src\main\AndroidManifest.xml:216:5-79
	android:name
		ADDED from src\main\AndroidManifest.xml:216:22-76
uses-permission#android.permission.ACCESS_WIFI_STATE
ADDED from src\main\AndroidManifest.xml:217:5-76
	android:name
		ADDED from src\main\AndroidManifest.xml:217:22-73
uses-permission#android.permission.READ_PHONE_STATE
ADDED from src\main\AndroidManifest.xml:218:5-75
	android:name
		ADDED from src\main\AndroidManifest.xml:218:22-72
uses-permission#android.permission.WRITE_EXTERNAL_STORAGE
ADDED from src\main\AndroidManifest.xml:219:5-81
	android:name
		ADDED from src\main\AndroidManifest.xml:219:22-78
uses-permission#android.permission.READ_EXTERNAL_STORAGE
ADDED from src\main\AndroidManifest.xml:220:5-80
	android:name
		ADDED from src\main\AndroidManifest.xml:220:22-77
uses-permission#android.permission.INTERNET
ADDED from src\main\AndroidManifest.xml:221:5-67
	android:name
		ADDED from src\main\AndroidManifest.xml:221:22-64
uses-permission#android.permission.READ_LOGS
ADDED from src\main\AndroidManifest.xml:222:5-68
	android:name
		ADDED from src\main\AndroidManifest.xml:222:22-65
uses-permission#android.permission.CALL_PHONE
ADDED from src\main\AndroidManifest.xml:223:5-69
	android:name
		ADDED from src\main\AndroidManifest.xml:223:22-66
uses-permission#android.permission.ACCESS_FINE_LOCATION
ADDED from src\main\AndroidManifest.xml:224:5-79
	android:name
		ADDED from src\main\AndroidManifest.xml:224:22-76
uses-permission#android.permission.ACCESS_COARSE_LOCATION
ADDED from src\main\AndroidManifest.xml:225:5-81
	android:name
		ADDED from src\main\AndroidManifest.xml:225:22-78
uses-permission#android.permission.GET_TASKS
ADDED from src\main\AndroidManifest.xml:230:5-68
	android:name
		ADDED from src\main\AndroidManifest.xml:230:22-65
uses-permission#android.permission.SET_DEBUG_APP
ADDED from src\main\AndroidManifest.xml:231:5-72
	android:name
		ADDED from src\main\AndroidManifest.xml:231:22-69
uses-permission#android.permission.SYSTEM_ALERT_WINDOW
ADDED from src\main\AndroidManifest.xml:232:5-78
	android:name
		ADDED from src\main\AndroidManifest.xml:232:22-75
uses-permission#android.permission.GET_ACCOUNTS
ADDED from src\main\AndroidManifest.xml:233:5-71
	android:name
		ADDED from src\main\AndroidManifest.xml:233:22-68
uses-permission#android.permission.USE_CREDENTIALS
ADDED from src\main\AndroidManifest.xml:234:5-74
	android:name
		ADDED from src\main\AndroidManifest.xml:234:22-71
uses-permission#android.permission.MANAGE_ACCOUNTS
ADDED from src\main\AndroidManifest.xml:235:5-74
	android:name
		ADDED from src\main\AndroidManifest.xml:235:22-71